<?xml version="1.0" encoding="UTF-8"?>
<testsuites name="CLI Compatibility Tests" tests="162" failures="0" time="55.945">
  <testsuite name="Validation Workflows [MEDIUM]" tests="11" failures="0" time="8.92">
  <testsuite name="Validate model state" tests="2" failures="0" time="0.72">
    <testcase name="Validate model state / Step 1" classname="CLI-Compatibility-Test" time="0.32">
    </testcase>
    <testcase name="Validate model state / Step 2" classname="CLI-Compatibility-Test" time="0.28">
    </testcase>
  </testsuite>
  <testsuite name="List operations across layers" tests="5" failures="0" time="1.628">
    <testcase name="List operations across layers / Step 1" classname="CLI-Compatibility-Test" time="0.284">
    </testcase>
    <testcase name="List operations across layers / Step 2" classname="CLI-Compatibility-Test" time="0.277">
    </testcase>
    <testcase name="List operations across layers / Step 3" classname="CLI-Compatibility-Test" time="0.281">
    </testcase>
    <testcase name="List operations across layers / Step 4" classname="CLI-Compatibility-Test" time="0.276">
    </testcase>
    <testcase name="List operations across layers / Step 5" classname="CLI-Compatibility-Test" time="0.278">
    </testcase>
  </testsuite>
  <testsuite name="Search functionality" tests="3" failures="0" time="0.97">
    <testcase name="Search functionality / Step 1" classname="CLI-Compatibility-Test" time="0.276">
    </testcase>
    <testcase name="Search functionality / Step 2" classname="CLI-Compatibility-Test" time="0.278">
    </testcase>
    <testcase name="Search functionality / Step 3" classname="CLI-Compatibility-Test" time="0.283">
    </testcase>
  </testsuite>
  <testsuite name="Element inspection" tests="3" failures="0" time="1.032">
    <testcase name="Element inspection / Step 1" classname="CLI-Compatibility-Test" time="0.324">
    </testcase>
    <testcase name="Element inspection / Step 2" classname="CLI-Compatibility-Test" time="0.276">
    </testcase>
    <testcase name="Element inspection / Step 3" classname="CLI-Compatibility-Test" time="0.294">
    </testcase>
  </testsuite>
  <testsuite name="Model conformance check" tests="1" failures="0" time="0.324">
    <testcase name="Model conformance check / Step 1" classname="CLI-Compatibility-Test" time="0.28">
    </testcase>
  </testsuite>
  <testsuite name="Invalid element ID format" tests="2" failures="0" time="0.714">
    <testcase name="Invalid element ID format / Step 1" classname="CLI-Compatibility-Test" time="0.319">
    </testcase>
    <testcase name="Invalid element ID format / Step 2" classname="CLI-Compatibility-Test" time="0.306">
    </testcase>
  </testsuite>
  <testsuite name="Duplicate element creation" tests="3" failures="0" time="1.147">
    <testcase name="Duplicate element creation / Step 1" classname="CLI-Compatibility-Test" time="0.335">
    </testcase>
    <testcase name="Duplicate element creation / Step 2" classname="CLI-Compatibility-Test" time="0.331">
    </testcase>
    <testcase name="Duplicate element creation / Step 3" classname="CLI-Compatibility-Test" time="0.336">
    </testcase>
  </testsuite>
  <testsuite name="Missing required properties" tests="2" failures="0" time="0.724">
    <testcase name="Missing required properties / Step 1" classname="CLI-Compatibility-Test" time="0.324">
    </testcase>
    <testcase name="Missing required properties / Step 2" classname="CLI-Compatibility-Test" time="0.311">
    </testcase>
  </testsuite>
  <testsuite name="Reference to non-existent element" tests="3" failures="0" time="1.055">
    <testcase name="Reference to non-existent element / Step 1" classname="CLI-Compatibility-Test" time="0.329">
    </testcase>
    <testcase name="Reference to non-existent element / Step 2" classname="CLI-Compatibility-Test" time="0.299">
    </testcase>
    <testcase name="Reference to non-existent element / Step 3" classname="CLI-Compatibility-Test" time="0.312">
    </testcase>
  </testsuite>
  <testsuite name="Invalid layer name" tests="1" failures="0" time="0.289">
    <testcase name="Invalid layer name / Step 1" classname="CLI-Compatibility-Test" time="0.25">
    </testcase>
  </testsuite>
  <testsuite name="Delete non-existent element" tests="1" failures="0" time="0.317">
    <testcase name="Delete non-existent element / Step 1" classname="CLI-Compatibility-Test" time="0.281">
    </testcase>
  </testsuite>
  </testsuite>
  <testsuite name="Relationship Management [HIGH]" tests="3" failures="0" time="7.914">
  <testsuite name="Create and delete relationships" tests="9" failures="0" time="3.095">
    <testcase name="Create and delete relationships / Step 1" classname="CLI-Compatibility-Test" time="0.336">
    </testcase>
    <testcase name="Create and delete relationships / Step 2" classname="CLI-Compatibility-Test" time="0.282">
    </testcase>
    <testcase name="Create and delete relationships / Step 3" classname="CLI-Compatibility-Test" time="0.324">
    </testcase>
    <testcase name="Create and delete relationships / Step 4" classname="CLI-Compatibility-Test" time="0.32">
    </testcase>
    <testcase name="Create and delete relationships / Step 5" classname="CLI-Compatibility-Test" time="0.296">
    </testcase>
    <testcase name="Create and delete relationships / Step 6" classname="CLI-Compatibility-Test" time="0.292">
    </testcase>
    <testcase name="Create and delete relationships / Step 7" classname="CLI-Compatibility-Test" time="0.3">
    </testcase>
    <testcase name="Create and delete relationships / Step 8" classname="CLI-Compatibility-Test" time="0.312">
    </testcase>
    <testcase name="Create and delete relationships / Step 9" classname="CLI-Compatibility-Test" time="0.295">
    </testcase>
  </testsuite>
  <testsuite name="Multiple relationship types" tests="9" failures="0" time="3.115">
    <testcase name="Multiple relationship types / Step 1" classname="CLI-Compatibility-Test" time="0.315">
    </testcase>
    <testcase name="Multiple relationship types / Step 2" classname="CLI-Compatibility-Test" time="0.317">
    </testcase>
    <testcase name="Multiple relationship types / Step 3" classname="CLI-Compatibility-Test" time="0.354">
    </testcase>
    <testcase name="Multiple relationship types / Step 4" classname="CLI-Compatibility-Test" time="0.296">
    </testcase>
    <testcase name="Multiple relationship types / Step 5" classname="CLI-Compatibility-Test" time="0.299">
    </testcase>
    <testcase name="Multiple relationship types / Step 6" classname="CLI-Compatibility-Test" time="0.279">
    </testcase>
    <testcase name="Multiple relationship types / Step 7" classname="CLI-Compatibility-Test" time="0.298">
    </testcase>
    <testcase name="Multiple relationship types / Step 8" classname="CLI-Compatibility-Test" time="0.297">
    </testcase>
    <testcase name="Multiple relationship types / Step 9" classname="CLI-Compatibility-Test" time="0.311">
    </testcase>
  </testsuite>
  <testsuite name="Negative test: Cross-layer relationships not supported" tests="5" failures="0" time="1.704">
    <testcase name="Negative test: Cross-layer relationships not supported / Step 1" classname="CLI-Compatibility-Test" time="0.326">
    </testcase>
    <testcase name="Negative test: Cross-layer relationships not supported / Step 2" classname="CLI-Compatibility-Test" time="0.318">
    </testcase>
    <testcase name="Negative test: Cross-layer relationships not supported / Step 3" classname="CLI-Compatibility-Test" time="0.287">
    </testcase>
    <testcase name="Negative test: Cross-layer relationships not supported / Step 4" classname="CLI-Compatibility-Test" time="0.302">
    </testcase>
    <testcase name="Negative test: Cross-layer relationships not supported / Step 5" classname="CLI-Compatibility-Test" time="0.295">
    </testcase>
  </testsuite>
  </testsuite>
  <testsuite name="Relationship Validation [HIGH]" tests="4" failures="0" time="7.279">
  <testsuite name="Validate counts relationships with intra-layer relationships" tests="6" failures="0" time="2.065">
    <testcase name="Validate counts relationships with intra-layer relationships / Step 1" classname="CLI-Compatibility-Test" time="0.32">
    </testcase>
    <testcase name="Validate counts relationships with intra-layer relationships / Step 2" classname="CLI-Compatibility-Test" time="0.318">
    </testcase>
    <testcase name="Validate counts relationships with intra-layer relationships / Step 3" classname="CLI-Compatibility-Test" time="0.305">
    </testcase>
    <testcase name="Validate counts relationships with intra-layer relationships / Step 4" classname="CLI-Compatibility-Test" time="0.313">
    </testcase>
    <testcase name="Validate counts relationships with intra-layer relationships / Step 5" classname="CLI-Compatibility-Test" time="0.302">
    </testcase>
    <testcase name="Validate counts relationships with intra-layer relationships / Step 6" classname="CLI-Compatibility-Test" time="0.312">
    </testcase>
  </testsuite>
  <testsuite name="Validate strict mode flags missing descriptions" tests="3" failures="0" time="1.043">
    <testcase name="Validate strict mode flags missing descriptions / Step 1" classname="CLI-Compatibility-Test" time="0.319">
    </testcase>
    <testcase name="Validate strict mode flags missing descriptions / Step 2" classname="CLI-Compatibility-Test" time="0.318">
    </testcase>
    <testcase name="Validate strict mode flags missing descriptions / Step 3" classname="CLI-Compatibility-Test" time="0.302">
    </testcase>
  </testsuite>
  <testsuite name="Orphan warning count shown in connectivity warnings" tests="3" failures="0" time="1.062">
    <testcase name="Orphan warning count shown in connectivity warnings / Step 1" classname="CLI-Compatibility-Test" time="0.333">
    </testcase>
    <testcase name="Orphan warning count shown in connectivity warnings / Step 2" classname="CLI-Compatibility-Test" time="0.324">
    </testcase>
    <testcase name="Orphan warning count shown in connectivity warnings / Step 3" classname="CLI-Compatibility-Test" time="0.293">
    </testcase>
  </testsuite>
  <testsuite name="Validate counts multiple intra-layer relationships" tests="9" failures="0" time="3.109">
    <testcase name="Validate counts multiple intra-layer relationships / Step 1" classname="CLI-Compatibility-Test" time="0.317">
    </testcase>
    <testcase name="Validate counts multiple intra-layer relationships / Step 2" classname="CLI-Compatibility-Test" time="0.325">
    </testcase>
    <testcase name="Validate counts multiple intra-layer relationships / Step 3" classname="CLI-Compatibility-Test" time="0.317">
    </testcase>
    <testcase name="Validate counts multiple intra-layer relationships / Step 4" classname="CLI-Compatibility-Test" time="0.294">
    </testcase>
    <testcase name="Validate counts multiple intra-layer relationships / Step 5" classname="CLI-Compatibility-Test" time="0.298">
    </testcase>
    <testcase name="Validate counts multiple intra-layer relationships / Step 6" classname="CLI-Compatibility-Test" time="0.321">
    </testcase>
    <testcase name="Validate counts multiple intra-layer relationships / Step 7" classname="CLI-Compatibility-Test" time="0.302">
    </testcase>
    <testcase name="Validate counts multiple intra-layer relationships / Step 8" classname="CLI-Compatibility-Test" time="0.305">
    </testcase>
    <testcase name="Validate counts multiple intra-layer relationships / Step 9" classname="CLI-Compatibility-Test" time="0.297">
    </testcase>
  </testsuite>
  </testsuite>
  <testsuite name="Export Operations [MEDIUM]" tests="7" failures="0" time="3.692">
  <testsuite name="Export to PlantUML diagram" tests="1" failures="0" time="0.316">
    <testcase name="Export to PlantUML diagram / Step 1" classname="CLI-Compatibility-Test" time="0.281">
    </testcase>
  </testsuite>
  <testsuite name="Export to Markdown documentation" tests="1" failures="0" time="0.32">
    <testcase name="Export to Markdown documentation / Step 1" classname="CLI-Compatibility-Test" time="0.281">
    </testcase>
  </testsuite>
  <testsuite name="Export to GraphML format" tests="1" failures="0" time="0.328">
    <testcase name="Export to GraphML format / Step 1" classname="CLI-Compatibility-Test" time="0.291">
    </testcase>
  </testsuite>
  <testsuite name="Export to OpenAPI specification" tests="3" failures="0" time="1.065">
    <testcase name="Export to OpenAPI specification / Step 1" classname="CLI-Compatibility-Test" time="0.323">
    </testcase>
    <testcase name="Export to OpenAPI specification / Step 2" classname="CLI-Compatibility-Test" time="0.32">
    </testcase>
    <testcase name="Export to OpenAPI specification / Step 3" classname="CLI-Compatibility-Test" time="0.301">
    </testcase>
  </testsuite>
  <testsuite name="Export to JSON Schema" tests="1" failures="0" time="0.347">
    <testcase name="Export to JSON Schema / Step 1" classname="CLI-Compatibility-Test" time="0.312">
    </testcase>
  </testsuite>
  <testsuite name="Export to ArchiMate XML" tests="1" failures="0" time="0.361">
    <testcase name="Export to ArchiMate XML / Step 1" classname="CLI-Compatibility-Test" time="0.326">
    </testcase>
  </testsuite>
  <testsuite name="Export multiple formats in sequence" tests="3" failures="0" time="0.955">
    <testcase name="Export multiple formats in sequence / Step 1" classname="CLI-Compatibility-Test" time="0.281">
    </testcase>
    <testcase name="Export multiple formats in sequence / Step 2" classname="CLI-Compatibility-Test" time="0.277">
    </testcase>
    <testcase name="Export multiple formats in sequence / Step 3" classname="CLI-Compatibility-Test" time="0.276">
    </testcase>
  </testsuite>
  </testsuite>
  <testsuite name="Element CRUD Operations [HIGH]" tests="12" failures="0" time="12.831">
  <testsuite name="Add and update motivation goal" tests="3" failures="0" time="1.035">
    <testcase name="Add and update motivation goal / Step 1" classname="CLI-Compatibility-Test" time="0.312">
    </testcase>
    <testcase name="Add and update motivation goal / Step 2" classname="CLI-Compatibility-Test" time="0.296">
    </testcase>
    <testcase name="Add and update motivation goal / Step 3" classname="CLI-Compatibility-Test" time="0.304">
    </testcase>
  </testsuite>
  <testsuite name="Add business service with update" tests="3" failures="0" time="1.03">
    <testcase name="Add business service with update / Step 1" classname="CLI-Compatibility-Test" time="0.313">
    </testcase>
    <testcase name="Add business service with update / Step 2" classname="CLI-Compatibility-Test" time="0.296">
    </testcase>
    <testcase name="Add business service with update / Step 3" classname="CLI-Compatibility-Test" time="0.298">
    </testcase>
  </testsuite>
  <testsuite name="Add application component lifecycle" tests="4" failures="0" time="1.341">
    <testcase name="Add application component lifecycle / Step 1" classname="CLI-Compatibility-Test" time="0.314">
    </testcase>
    <testcase name="Add application component lifecycle / Step 2" classname="CLI-Compatibility-Test" time="0.272">
    </testcase>
    <testcase name="Add application component lifecycle / Step 3" classname="CLI-Compatibility-Test" time="0.3">
    </testcase>
    <testcase name="Add application component lifecycle / Step 4" classname="CLI-Compatibility-Test" time="0.294">
    </testcase>
  </testsuite>
  <testsuite name="Add technology node with update" tests="3" failures="0" time="1.029">
    <testcase name="Add technology node with update / Step 1" classname="CLI-Compatibility-Test" time="0.316">
    </testcase>
    <testcase name="Add technology node with update / Step 2" classname="CLI-Compatibility-Test" time="0.294">
    </testcase>
    <testcase name="Add technology node with update / Step 3" classname="CLI-Compatibility-Test" time="0.298">
    </testcase>
  </testsuite>
  <testsuite name="Add security role with update" tests="3" failures="0" time="1.04">
    <testcase name="Add security role with update / Step 1" classname="CLI-Compatibility-Test" time="0.312">
    </testcase>
    <testcase name="Add security role with update / Step 2" classname="CLI-Compatibility-Test" time="0.296">
    </testcase>
    <testcase name="Add security role with update / Step 3" classname="CLI-Compatibility-Test" time="0.299">
    </testcase>
  </testsuite>
  <testsuite name="Add API operation with update" tests="3" failures="0" time="1.046">
    <testcase name="Add API operation with update / Step 1" classname="CLI-Compatibility-Test" time="0.319">
    </testcase>
    <testcase name="Add API operation with update / Step 2" classname="CLI-Compatibility-Test" time="0.298">
    </testcase>
    <testcase name="Add API operation with update / Step 3" classname="CLI-Compatibility-Test" time="0.296">
    </testcase>
  </testsuite>
  <testsuite name="Add data model schema with update" tests="3" failures="0" time="1.045">
    <testcase name="Add data model schema with update / Step 1" classname="CLI-Compatibility-Test" time="0.313">
    </testcase>
    <testcase name="Add data model schema with update / Step 2" classname="CLI-Compatibility-Test" time="0.299">
    </testcase>
    <testcase name="Add data model schema with update / Step 3" classname="CLI-Compatibility-Test" time="0.298">
    </testcase>
  </testsuite>
  <testsuite name="Add datastore collection with update" tests="3" failures="0" time="1.056">
    <testcase name="Add datastore collection with update / Step 1" classname="CLI-Compatibility-Test" time="0.32">
    </testcase>
    <testcase name="Add datastore collection with update / Step 2" classname="CLI-Compatibility-Test" time="0.297">
    </testcase>
    <testcase name="Add datastore collection with update / Step 3" classname="CLI-Compatibility-Test" time="0.302">
    </testcase>
  </testsuite>
  <testsuite name="Add UX view with update" tests="3" failures="0" time="1.046">
    <testcase name="Add UX view with update / Step 1" classname="CLI-Compatibility-Test" time="0.313">
    </testcase>
    <testcase name="Add UX view with update / Step 2" classname="CLI-Compatibility-Test" time="0.298">
    </testcase>
    <testcase name="Add UX view with update / Step 3" classname="CLI-Compatibility-Test" time="0.3">
    </testcase>
  </testsuite>
  <testsuite name="Add navigation route with update" tests="3" failures="0" time="1.06">
    <testcase name="Add navigation route with update / Step 1" classname="CLI-Compatibility-Test" time="0.322">
    </testcase>
    <testcase name="Add navigation route with update / Step 2" classname="CLI-Compatibility-Test" time="0.298">
    </testcase>
    <testcase name="Add navigation route with update / Step 3" classname="CLI-Compatibility-Test" time="0.3">
    </testcase>
  </testsuite>
  <testsuite name="Add APM metric instrument with update" tests="3" failures="0" time="1.022">
    <testcase name="Add APM metric instrument with update / Step 1" classname="CLI-Compatibility-Test" time="0.312">
    </testcase>
    <testcase name="Add APM metric instrument with update / Step 2" classname="CLI-Compatibility-Test" time="0.284">
    </testcase>
    <testcase name="Add APM metric instrument with update / Step 3" classname="CLI-Compatibility-Test" time="0.283">
    </testcase>
  </testsuite>
  <testsuite name="Add testing test case sketch with update" tests="3" failures="0" time="1.081">
    <testcase name="Add testing test case sketch with update / Step 1" classname="CLI-Compatibility-Test" time="0.328">
    </testcase>
    <testcase name="Add testing test case sketch with update / Step 2" classname="CLI-Compatibility-Test" time="0.304">
    </testcase>
    <testcase name="Add testing test case sketch with update / Step 3" classname="CLI-Compatibility-Test" time="0.317">
    </testcase>
  </testsuite>
  </testsuite>
  <testsuite name="Changeset Operations [MEDIUM]" tests="3" failures="0" time="7.674">
  <testsuite name="Changeset lifecycle: create, apply, revert" tests="7" failures="0" time="2.372">
    <testcase name="Changeset lifecycle: create, apply, revert / Step 1" classname="CLI-Compatibility-Test" time="0.306">
    </testcase>
    <testcase name="Changeset lifecycle: create, apply, revert / Step 2" classname="CLI-Compatibility-Test" time="0.266">
    </testcase>
    <testcase name="Changeset lifecycle: create, apply, revert / Step 3" classname="CLI-Compatibility-Test" time="0.317">
    </testcase>
    <testcase name="Changeset lifecycle: create, apply, revert / Step 4" classname="CLI-Compatibility-Test" time="0.257">
    </testcase>
    <testcase name="Changeset lifecycle: create, apply, revert / Step 5" classname="CLI-Compatibility-Test" time="0.356">
    </testcase>
    <testcase name="Changeset lifecycle: create, apply, revert / Step 6" classname="CLI-Compatibility-Test" time="0.278">
    </testcase>
    <testcase name="Changeset lifecycle: create, apply, revert / Step 7" classname="CLI-Compatibility-Test" time="0.303">
    </testcase>
  </testsuite>
  <testsuite name="Changeset with multiple elements" tests="9" failures="0" time="3.215">
    <testcase name="Changeset with multiple elements / Step 1" classname="CLI-Compatibility-Test" time="0.327">
    </testcase>
    <testcase name="Changeset with multiple elements / Step 2" classname="CLI-Compatibility-Test" time="0.263">
    </testcase>
    <testcase name="Changeset with multiple elements / Step 3" classname="CLI-Compatibility-Test" time="0.327">
    </testcase>
    <testcase name="Changeset with multiple elements / Step 4" classname="CLI-Compatibility-Test" time="0.321">
    </testcase>
    <testcase name="Changeset with multiple elements / Step 5" classname="CLI-Compatibility-Test" time="0.258">
    </testcase>
    <testcase name="Changeset with multiple elements / Step 6" classname="CLI-Compatibility-Test" time="0.365">
    </testcase>
    <testcase name="Changeset with multiple elements / Step 7" classname="CLI-Compatibility-Test" time="0.298">
    </testcase>
    <testcase name="Changeset with multiple elements / Step 8" classname="CLI-Compatibility-Test" time="0.306">
    </testcase>
    <testcase name="Changeset with multiple elements / Step 9" classname="CLI-Compatibility-Test" time="0.325">
    </testcase>
  </testsuite>
  <testsuite name="Changeset with element deletion" tests="6" failures="0" time="2.087">
    <testcase name="Changeset with element deletion / Step 1" classname="CLI-Compatibility-Test" time="0.315">
    </testcase>
    <testcase name="Changeset with element deletion / Step 2" classname="CLI-Compatibility-Test" time="0.304">
    </testcase>
    <testcase name="Changeset with element deletion / Step 3" classname="CLI-Compatibility-Test" time="0.263">
    </testcase>
    <testcase name="Changeset with element deletion / Step 4" classname="CLI-Compatibility-Test" time="0.309">
    </testcase>
    <testcase name="Changeset with element deletion / Step 5" classname="CLI-Compatibility-Test" time="0.269">
    </testcase>
    <testcase name="Changeset with element deletion / Step 6" classname="CLI-Compatibility-Test" time="0.354">
    </testcase>
  </testsuite>
  </testsuite>
  <testsuite name="Advanced Operations [MEDIUM]" tests="6" failures="0" time="7.634">
  <testsuite name="Projection operations" tests="2" failures="0" time="0.75">
    <testcase name="Projection operations / Step 1" classname="CLI-Compatibility-Test" time="0.335">
    </testcase>
    <testcase name="Projection operations / Step 2" classname="CLI-Compatibility-Test" time="0.315">
    </testcase>
  </testsuite>
  <testsuite name="Trace dependencies for element" tests="6" failures="0" time="2.147">
    <testcase name="Trace dependencies for element / Step 1" classname="CLI-Compatibility-Test" time="0.314">
    </testcase>
    <testcase name="Trace dependencies for element / Step 2" classname="CLI-Compatibility-Test" time="0.334">
    </testcase>
    <testcase name="Trace dependencies for element / Step 3" classname="CLI-Compatibility-Test" time="0.315">
    </testcase>
    <testcase name="Trace dependencies for element / Step 4" classname="CLI-Compatibility-Test" time="0.291">
    </testcase>
    <testcase name="Trace dependencies for element / Step 5" classname="CLI-Compatibility-Test" time="0.317">
    </testcase>
    <testcase name="Trace dependencies for element / Step 6" classname="CLI-Compatibility-Test" time="0.306">
    </testcase>
  </testsuite>
  <testsuite name="Model information and statistics" tests="2" failures="0" time="0.652">
    <testcase name="Model information and statistics / Step 1" classname="CLI-Compatibility-Test" time="0.283">
    </testcase>
    <testcase name="Model information and statistics / Step 2" classname="CLI-Compatibility-Test" time="0.276">
    </testcase>
  </testsuite>
  <testsuite name="Migrate model version" tests="2" failures="0" time="0.578">
    <testcase name="Migrate model version / Step 1" classname="CLI-Compatibility-Test" time="0.236">
    </testcase>
    <testcase name="Migrate model version / Step 2" classname="CLI-Compatibility-Test" time="0.247">
    </testcase>
  </testsuite>
  <testsuite name="Element operations via element command" tests="3" failures="0" time="1.036">
    <testcase name="Element operations via element command / Step 1" classname="CLI-Compatibility-Test" time="0.318">
    </testcase>
    <testcase name="Element operations via element command / Step 2" classname="CLI-Compatibility-Test" time="0.276">
    </testcase>
    <testcase name="Element operations via element command / Step 3" classname="CLI-Compatibility-Test" time="0.297">
    </testcase>
  </testsuite>
  <testsuite name="Relationship operations via relationship command" tests="7" failures="0" time="2.471">
    <testcase name="Relationship operations via relationship command / Step 1" classname="CLI-Compatibility-Test" time="0.331">
    </testcase>
    <testcase name="Relationship operations via relationship command / Step 2" classname="CLI-Compatibility-Test" time="0.324">
    </testcase>
    <testcase name="Relationship operations via relationship command / Step 3" classname="CLI-Compatibility-Test" time="0.304">
    </testcase>
    <testcase name="Relationship operations via relationship command / Step 4" classname="CLI-Compatibility-Test" time="0.283">
    </testcase>
    <testcase name="Relationship operations via relationship command / Step 5" classname="CLI-Compatibility-Test" time="0.304">
    </testcase>
    <testcase name="Relationship operations via relationship command / Step 6" classname="CLI-Compatibility-Test" time="0.305">
    </testcase>
    <testcase name="Relationship operations via relationship command / Step 7" classname="CLI-Compatibility-Test" time="0.307">
    </testcase>
  </testsuite>
  </testsuite>
</testsuites>
